2026/01/06 17:23:58 [notice] 331#331: signal process started
2026/01/06 17:23:58 [notice] 1#1: signal 1 (SIGHUP) received from 331, reconfiguring
2026/01/06 17:23:58 [notice] 1#1: reconfiguring
2026/01/06 17:23:58 [notice] 1#1: using the "epoll" event method
2026/01/06 17:23:58 [notice] 1#1: start worker processes
2026/01/06 17:23:58 [notice] 1#1: start worker process 337
2026/01/06 17:23:58 [notice] 1#1: start worker process 338
2026/01/06 17:23:58 [notice] 1#1: start worker process 339
2026/01/06 17:23:58 [notice] 1#1: start worker process 340
2026/01/06 17:23:58 [notice] 1#1: start worker process 341
2026/01/06 17:23:58 [notice] 1#1: start worker process 342
2026/01/06 17:23:58 [notice] 1#1: start worker process 343
2026/01/06 17:23:58 [notice] 1#1: start worker process 344
2026/01/06 17:23:58 [notice] 323#323: gracefully shutting down
2026/01/06 17:23:58 [notice] 324#324: gracefully shutting down
2026/01/06 17:23:58 [notice] 330#330: gracefully shutting down
2026/01/06 17:23:58 [notice] 325#325: gracefully shutting down
2026/01/06 17:23:58 [notice] 325#325: exiting
2026/01/06 17:23:58 [notice] 327#327: gracefully shutting down
2026/01/06 17:23:58 [notice] 327#327: exiting
2026/01/06 17:23:58 [notice] 326#326: gracefully shutting down
2026/01/06 17:23:58 [notice] 326#326: exiting
2026/01/06 17:23:58 [notice] 328#328: gracefully shutting down
2026/01/06 17:23:58 [notice] 329#329: gracefully shutting down
2026/01/06 17:23:58 [notice] 329#329: exiting
2026/01/06 17:23:58 [notice] 323#323: exiting
2026/01/06 17:23:58 [notice] 324#324: exiting
2026/01/06 17:23:58 [notice] 330#330: exiting
2026/01/06 17:23:58 [notice] 324#324: exit
2026/01/06 17:23:58 [notice] 325#325: exit
2026/01/06 17:23:58 [notice] 327#327: exit
2026/01/06 17:23:58 [notice] 326#326: exit
2026/01/06 17:23:58 [notice] 328#328: exiting
2026/01/06 17:23:58 [notice] 329#329: exit
2026/01/06 17:23:58 [notice] 323#323: exit
2026/01/06 17:23:58 [notice] 330#330: exit
2026/01/06 17:23:58 [notice] 328#328: exit
2026/01/06 17:23:58 [notice] 1#1: signal 17 (SIGCHLD) received from 325
2026/01/06 17:23:58 [notice] 1#1: worker process 325 exited with code 0
2026/01/06 17:23:58 [notice] 1#1: worker process 329 exited with code 0
2026/01/06 17:23:58 [notice] 1#1: signal 29 (SIGIO) received
2026/01/06 17:23:58 [notice] 1#1: signal 17 (SIGCHLD) received from 323
2026/01/06 17:23:58 [notice] 1#1: worker process 323 exited with code 0
2026/01/06 17:23:58 [notice] 1#1: worker process 324 exited with code 0
2026/01/06 17:23:58 [notice] 1#1: signal 29 (SIGIO) received
2026/01/06 17:23:58 [notice] 1#1: signal 17 (SIGCHLD) received from 324
2026/01/06 17:23:58 [notice] 1#1: signal 17 (SIGCHLD) received from 326
2026/01/06 17:23:58 [notice] 1#1: worker process 326 exited with code 0
2026/01/06 17:23:58 [notice] 1#1: worker process 327 exited with code 0
2026/01/06 17:23:58 [notice] 1#1: worker process 330 exited with code 0
2026/01/06 17:23:58 [notice] 1#1: signal 29 (SIGIO) received
2026/01/06 17:23:58 [notice] 1#1: signal 17 (SIGCHLD) received from 328
2026/01/06 17:23:58 [notice] 1#1: worker process 328 exited with code 0
2026/01/06 17:23:58 [notice] 1#1: signal 29 (SIGIO) received
2026/01/06 17:35:51 [notice] 372#372: signal process started
2026/01/06 17:35:51 [notice] 1#1: signal 1 (SIGHUP) received from 372, reconfiguring
2026/01/06 17:35:51 [notice] 1#1: reconfiguring
2026/01/06 17:35:51 [notice] 1#1: using the "epoll" event method
2026/01/06 17:35:51 [notice] 1#1: start worker processes
2026/01/06 17:35:51 [notice] 1#1: start worker process 378
2026/01/06 17:35:51 [notice] 1#1: start worker process 379
2026/01/06 17:35:51 [notice] 1#1: start worker process 380
2026/01/06 17:35:51 [notice] 1#1: start worker process 381
2026/01/06 17:35:51 [notice] 1#1: start worker process 382
2026/01/06 17:35:51 [notice] 1#1: start worker process 383
2026/01/06 17:35:51 [notice] 1#1: start worker process 384
2026/01/06 17:35:51 [notice] 1#1: start worker process 385
2026/01/06 17:35:51 [notice] 337#337: gracefully shutting down
2026/01/06 17:35:51 [notice] 338#338: gracefully shutting down
2026/01/06 17:35:51 [notice] 339#339: gracefully shutting down
2026/01/06 17:35:51 [notice] 340#340: gracefully shutting down
2026/01/06 17:35:51 [notice] 341#341: gracefully shutting down
2026/01/06 17:35:51 [notice] 342#342: gracefully shutting down
2026/01/06 17:35:51 [notice] 343#343: gracefully shutting down
2026/01/06 17:35:51 [notice] 344#344: gracefully shutting down
2026/01/06 17:35:51 [notice] 337#337: exiting
2026/01/06 17:35:51 [notice] 338#338: exiting
2026/01/06 17:35:51 [notice] 339#339: exiting
2026/01/06 17:35:51 [notice] 340#340: exiting
2026/01/06 17:35:51 [notice] 341#341: exiting
2026/01/06 17:35:51 [notice] 342#342: exiting
2026/01/06 17:35:51 [notice] 343#343: exiting
2026/01/06 17:35:51 [notice] 344#344: exiting
2026/01/06 17:35:51 [notice] 337#337: exit
2026/01/06 17:35:51 [notice] 338#338: exit
2026/01/06 17:35:51 [notice] 339#339: exit
2026/01/06 17:35:51 [notice] 340#340: exit
2026/01/06 17:35:51 [notice] 341#341: exit
2026/01/06 17:35:51 [notice] 342#342: exit
2026/01/06 17:35:51 [notice] 343#343: exit
2026/01/06 17:35:51 [notice] 344#344: exit
2026/01/06 17:35:51 [notice] 1#1: signal 17 (SIGCHLD) received from 337
2026/01/06 17:35:51 [notice] 1#1: worker process 337 exited with code 0
2026/01/06 17:35:51 [notice] 1#1: worker process 338 exited with code 0
2026/01/06 17:35:51 [notice] 1#1: worker process 340 exited with code 0
2026/01/06 17:35:51 [notice] 1#1: worker process 341 exited with code 0
2026/01/06 17:35:51 [notice] 1#1: worker process 342 exited with code 0
2026/01/06 17:35:51 [notice] 1#1: worker process 344 exited with code 0
2026/01/06 17:35:51 [notice] 1#1: signal 29 (SIGIO) received
2026/01/06 17:35:51 [notice] 1#1: signal 17 (SIGCHLD) received from 340
2026/01/06 17:35:51 [notice] 1#1: signal 17 (SIGCHLD) received from 339
2026/01/06 17:35:51 [notice] 1#1: worker process 339 exited with code 0
2026/01/06 17:35:51 [notice] 1#1: signal 29 (SIGIO) received
2026/01/06 17:35:51 [notice] 1#1: signal 17 (SIGCHLD) received from 343
2026/01/06 17:35:51 [notice] 1#1: worker process 343 exited with code 0
2026/01/06 17:35:51 [notice] 1#1: signal 29 (SIGIO) received
